Base path: /Applications/Unity/Unity.app/Contents
Cmd: initializeCompiler
Cmd: translateComputeKernel
  api=14 insize=2149 outsize=3977 ok=1
Cmd: compileComputeKernel
  api=14 insize=2780 outsize=48553 ok=1
Cmd: translateComputeKernel
  api=14 insize=48933 outsize=86117 ok=1
Cmd: translateComputeKernel
  api=14 insize=10693 outsize=18705 ok=1
Cmd: compileComputeKernel
  api=14 insize=5004 outsize=6805 ok=1
Cmd: translateComputeKernel
  api=14 insize=5765 outsize=8357 ok=1
Cmd: compileComputeKernel
  api=14 insize=9166 outsize=9517 ok=1
Cmd: translateComputeKernel
  api=14 insize=9705 outsize=16577 ok=1
Cmd: translateComputeKernel
  api=14 insize=1037 outsize=1069 ok=1
Cmd: compileComputeKernel
  api=14 insize=2867 outsize=2021 ok=1
Cmd: translateComputeKernel
  api=14 insize=2021 outsize=3169 ok=1
Cmd: compileComputeKernel
  api=14 insize=654 outsize=1093 ok=1
Cmd: translateComputeKernel
  api=14 insize=1093 outsize=1081 ok=1
Cmd: compileComputeKernel
  api=14 insize=1454 outsize=2097 ok=1
Cmd: translateComputeKernel
  api=14 insize=2097 outsize=3445 ok=1
Cmd: compileComputeKernel
  api=14 insize=16784 outsize=5777 ok=1
Cmd: compileComputeKernel
  api=14 insize=16784 outsize=7169 ok=1
Cmd: compileComputeKernel
  api=14 insize=16784 outsize=6377 ok=1
Cmd: compileComputeKernel
  api=14 insize=16784 outsize=7769 ok=1
Cmd: compileComputeKernel
  api=14 insize=16784 outsize=7793 ok=1
Cmd: compileComputeKernel
  api=14 insize=16784 outsize=9761 ok=1
Cmd: compileComputeKernel
  api=14 insize=16784 outsize=7997 ok=1
Cmd: compileComputeKernel
  api=14 insize=16784 outsize=9437 ok=1
Cmd: compileComputeKernel
  api=14 insize=16784 outsize=6845 ok=1
Cmd: compileComputeKernel
  api=14 insize=16784 outsize=7541 ok=1
Cmd: compileComputeKernel
  api=14 insize=16784 outsize=8621 ok=1
Cmd: compileComputeKernel
  api=14 insize=16784 outsize=7829 ok=1
Cmd: compileComputeKernel
  api=14 insize=16784 outsize=9221 ok=1
Cmd: compileComputeKernel
  api=14 insize=16784 outsize=9265 ok=1
Cmd: compileComputeKernel
  api=14 insize=16784 outsize=11233 ok=1
Cmd: compileComputeKernel
  api=14 insize=16784 outsize=9469 ok=1
Cmd: compileComputeKernel
  api=14 insize=16784 outsize=10909 ok=1
Cmd: translateComputeKernel
  api=14 insize=6549 outsize=11821 ok=1
Cmd: translateComputeKernel
  api=14 insize=7633 outsize=13973 ok=1
Cmd: translateComputeKernel
  api=14 insize=6417 outsize=11129 ok=1
Cmd: translateComputeKernel
  api=14 insize=7809 outsize=13965 ok=1
Cmd: translateComputeKernel
  api=14 insize=7829 outsize=13905 ok=1
Cmd: translateComputeKernel
  api=14 insize=9269 outsize=16937 ok=1
Cmd: translateComputeKernel
  api=14 insize=10473 outsize=19253 ok=1
Cmd: translateComputeKernel
  api=14 insize=9057 outsize=16957 ok=1
Cmd: translateComputeKernel
  api=14 insize=10717 outsize=20149 ok=1
Cmd: translateComputeKernel
  api=14 insize=8313 outsize=15629 ok=1
Cmd: translateComputeKernel
  api=14 insize=9085 outsize=17017 ok=1
Cmd: translateComputeKernel
  api=14 insize=8877 outsize=16421 ok=1
Cmd: translateComputeKernel
  api=14 insize=8773 outsize=16165 ok=1
Cmd: translateComputeKernel
  api=14 insize=10741 outsize=20241 ok=1
Cmd: translateComputeKernel
  api=14 insize=9017 outsize=17205 ok=1
Cmd: translateComputeKernel
  api=14 insize=10001 outsize=19241 ok=1
Cmd: translateComputeKernel
  api=14 insize=11969 outsize=23257 ok=1
Cmd: initializeCompiler
Cmd: initializeCompiler
Cmd: initializeCompiler
Cmd: initializeCompiler
Cmd: initializeCompiler
Cmd: initializeCompiler
Cmd: initializeCompiler
Cmd: initializeCompiler
Cmd: initializeCompiler
Cmd: initializeCompiler
Cmd: initializeCompiler
Cmd: initializeCompiler
Cmd: initializeCompiler
Cmd: initializeCompiler
Cmd: initializeCompiler
Cmd: initializeCompiler
Cmd: initializeCompiler
Cmd: initializeCompiler
Cmd: initializeCompiler
Cmd: initializeCompiler
Cmd: initializeCompiler
Cmd: initializeCompiler
Cmd: initializeCompiler
Cmd: initializeCompiler
Cmd: initializeCompiler
Cmd: initializeCompiler
Cmd: initializeCompiler
Cmd: initializeCompiler
Cmd: initializeCompiler
Cmd: initializeCompiler
Cmd: initializeCompiler
Cmd: initializeCompiler
Cmd: initializeCompiler
Cmd: initializeCompiler
Cmd: initializeCompiler
Cmd: initializeCompiler
Cmd: initializeCompiler
Cmd: initializeCompiler
Cmd: initializeCompiler
Cmd: initializeCompiler
Cmd: initializeCompiler
Cmd: initializeCompiler
Cmd: initializeCompiler
Cmd: initializeCompiler
Cmd: initializeCompiler
Cmd: initializeCompiler
Cmd: initializeCompiler
Cmd: initializeCompiler
Cmd: initializeCompiler
Cmd: initializeCompiler
Cmd: initializeCompiler
Cmd: initializeCompiler
Cmd: initializeCompiler
Cmd: initializeCompiler
Cmd: initializeCompiler

Quitting shader compiler process
